# JRE version: Java(TM) SE Runtime Environment (7.0_80-b15) (build 1.7.0_80-b15)
# Java VM: Java HotSpot(TM) 64-Bit Server VM (24.80-b11 mixed mode bsd-amd64 compressed oops)
Heap
 PSYoungGen      total 43008K, used 13627K [0x00000007d5500000, 0x00000007d8c00000, 0x0000000800000000)
  eden space 32256K, 13% used [0x00000007d5500000,0x00000007d5950b38,0x00000007d7480000)
  from space 10752K, 85% used [0x00000007d8000000,0x00000007d88fe450,0x00000007d8a80000)
  to   space 11776K, 0% used [0x00000007d7480000,0x00000007d7480000,0x00000007d8000000)
 ParOldGen       total 87040K, used 12275K [0x0000000780000000, 0x0000000785500000, 0x00000007d5500000)
  object space 87040K, 14% used [0x0000000780000000,0x0000000780bfcd08,0x0000000785500000)
 PSPermGen       total 21504K, used 19784K [0x000000077ae00000, 0x000000077c300000, 0x0000000780000000)
  object space 21504K, 92% used [0x000000077ae00000,0x000000077c152230,0x000000077c300000)
GC Heap History (10 events):
Event: 29.555 GC heap before
{Heap before GC invocations=2 (full 0):
 PSYoungGen      total 38912K, used 38909K [0x00000007d5500000, 0x00000007d8000000, 0x0000000800000000)
  eden space 33792K, 100% used [0x00000007d5500000,0x00000007d7600000,0x00000007d7600000)
  from space 5120K, 99% used [0x00000007d7600000,0x00000007d7aff5c8,0x00000007d7b00000)
  to   space 5120K, 0% used [0x00000007d7b00000,0x00000007d7b00000,0x00000007d8000000)
 ParOldGen       total 87040K, used 5151K [0x0000000780000000, 0x0000000785500000, 0x00000007d5500000)
  object space 87040K, 5% used [0x0000000780000000,0x0000000780507da8,0x0000000785500000)
 PSPermGen       total 21504K, used 19269K [0x000000077ae00000, 0x000000077c300000, 0x0000000780000000)
  object space 21504K, 89% used [0x000000077ae00000,0x000000077c0d1668,0x000000077c300000)
Event: 29.571 GC heap after
Heap after GC invocations=2 (full 0):
 PSYoungGen      total 38912K, used 5098K [0x00000007d5500000, 0x00000007d8000000, 0x0000000800000000)
  eden space 33792K, 0% used [0x00000007d5500000,0x00000007d5500000,0x00000007d7600000)
  from space 5120K, 99% used [0x00000007d7b00000,0x00000007d7ffaa08,0x00000007d8000000)
  to   space 5120K, 0% used [0x00000007d7600000,0x00000007d7600000,0x00000007d7b00000)
 ParOldGen       total 87040K, used 6966K [0x0000000780000000, 0x0000000785500000, 0x00000007d5500000)
  object space 87040K, 8% used [0x0000000780000000,0x00000007806cda58,0x0000000785500000)
 PSPermGen       total 21504K, used 19269K [0x000000077ae00000, 0x000000077c300000, 0x0000000780000000)
  object space 21504K, 89% used [0x000000077ae00000,0x000000077c0d1668,0x000000077c300000)
}
Event: 335.218 GC heap before
{Heap before GC invocations=3 (full 0):
 PSYoungGen      total 38912K, used 38890K [0x00000007d5500000, 0x00000007d8000000, 0x0000000800000000)
  eden space 33792K, 100% used [0x00000007d5500000,0x00000007d7600000,0x00000007d7600000)
  from space 5120K, 99% used [0x00000007d7b00000,0x00000007d7ffaa08,0x00000007d8000000)
  to   space 5120K, 0% used [0x00000007d7600000,0x00000007d7600000,0x00000007d7b00000)
 ParOldGen       total 87040K, used 6966K [0x0000000780000000, 0x0000000785500000, 0x00000007d5500000)
  object space 87040K, 8% used [0x0000000780000000,0x00000007806cda58,0x0000000785500000)
 PSPermGen       total 21504K, used 19552K [0x000000077ae00000, 0x000000077c300000, 0x0000000780000000)
  object space 21504K, 90% used [0x000000077ae00000,0x000000077c118200,0x000000077c300000)
Event: 335.235 GC heap after
Heap after GC invocations=3 (full 0):
 PSYoungGen      total 38912K, used 5102K [0x00000007d5500000, 0x00000007d8000000, 0x0000000800000000)
  eden space 33792K, 0% used [0x00000007d5500000,0x00000007d5500000,0x00000007d7600000)
  from space 5120K, 99% used [0x00000007d7600000,0x00000007d7afbbb8,0x00000007d7b00000)
  to   space 5120K, 0% used [0x00000007d7b00000,0x00000007d7b00000,0x00000007d8000000)
 ParOldGen       total 87040K, used 7847K [0x0000000780000000, 0x0000000785500000, 0x00000007d5500000)
  object space 87040K, 9% used [0x0000000780000000,0x00000007807a9cf8,0x0000000785500000)
 PSPermGen       total 21504K, used 19552K [0x000000077ae00000, 0x000000077c300000, 0x0000000780000000)
  object space 21504K, 90% used [0x000000077ae00000,0x000000077c118200,0x000000077c300000)
}
Event: 365.884 GC heap before
{Heap before GC invocations=4 (full 0):
 PSYoungGen      total 38912K, used 38894K [0x00000007d5500000, 0x00000007d8000000, 0x0000000800000000)
  eden space 33792K, 100% used [0x00000007d5500000,0x00000007d7600000,0x00000007d7600000)
  from space 5120K, 99% used [0x00000007d7600000,0x00000007d7afbbb8,0x00000007d7b00000)
  to   space 5120K, 0% used [0x00000007d7b00000,0x00000007d7b00000,0x00000007d8000000)
 ParOldGen       total 87040K, used 7847K [0x0000000780000000, 0x0000000785500000, 0x00000007d5500000)
  object space 87040K, 9% used [0x0000000780000000,0x00000007807a9cf8,0x0000000785500000)
 PSPermGen       total 21504K, used 19709K [0x000000077ae00000, 0x000000077c300000, 0x0000000780000000)
  object space 21504K, 91% used [0x000000077ae00000,0x000000077c13f4d8,0x000000077c300000)
Event: 365.903 GC heap after
Heap after GC invocations=4 (full 0):
 PSYoungGen      total 38912K, used 5118K [0x00000007d5500000, 0x00000007d8000000, 0x0000000800000000)
  eden space 33792K, 0% used [0x00000007d5500000,0x00000007d5500000,0x00000007d7600000)
  from space 5120K, 99% used [0x00000007d7b00000,0x00000007d7fffbc8,0x00000007d8000000)
  to   space 5120K, 0% used [0x00000007d7600000,0x00000007d7600000,0x00000007d7b00000)
 ParOldGen       total 87040K, used 7999K [0x0000000780000000, 0x0000000785500000, 0x00000007d5500000)
  object space 87040K, 9% used [0x0000000780000000,0x00000007807cfcf8,0x0000000785500000)
 PSPermGen       total 21504K, used 19709K [0x000000077ae00000, 0x000000077c300000, 0x0000000780000000)
  object space 21504K, 91% used [0x000000077ae00000,0x000000077c13f4d8,0x000000077c300000)
}
Event: 655.785 GC heap before
{Heap before GC invocations=5 (full 0):
 PSYoungGen      total 38912K, used 38910K [0x00000007d5500000, 0x00000007d8000000, 0x0000000800000000)
  eden space 33792K, 100% used [0x00000007d5500000,0x00000007d7600000,0x00000007d7600000)
  from space 5120K, 99% used [0x00000007d7b00000,0x00000007d7fffbc8,0x00000007d8000000)
  to   space 5120K, 0% used [0x00000007d7600000,0x00000007d7600000,0x00000007d7b00000)
 ParOldGen       total 87040K, used 7999K [0x0000000780000000, 0x0000000785500000, 0x00000007d5500000)
  object space 87040K, 9% used [0x0000000780000000,0x00000007807cfcf8,0x0000000785500000)
 PSPermGen       total 21504K, used 19767K [0x000000077ae00000, 0x000000077c300000, 0x0000000780000000)
  object space 21504K, 91% used [0x000000077ae00000,0x000000077c14def0,0x000000077c300000)
Event: 655.792 GC heap after
Heap after GC invocations=5 (full 0):
 PSYoungGen      total 38400K, used 5100K [0x00000007d5500000, 0x00000007d8a80000, 0x0000000800000000)
  eden space 33280K, 0% used [0x00000007d5500000,0x00000007d5500000,0x00000007d7580000)
  from space 5120K, 99% used [0x00000007d7600000,0x00000007d7afb020,0x00000007d7b00000)
  to   space 10752K, 0% used [0x00000007d8000000,0x00000007d8000000,0x00000007d8a80000)
 ParOldGen       total 87040K, used 8367K [0x0000000780000000, 0x0000000785500000, 0x00000007d5500000)
  object space 87040K, 9% used [0x0000000780000000,0x000000078082bcf8,0x0000000785500000)
 PSPermGen       total 21504K, used 19767K [0x000000077ae00000, 0x000000077c300000, 0x0000000780000000)
  object space 21504K, 91% used [0x000000077ae00000,0x000000077c14def0,0x000000077c300000)
}
Event: 98847.326 GC heap before
{Heap before GC invocations=6 (full 0):
 PSYoungGen      total 38400K, used 35330K [0x00000007d5500000, 0x00000007d8a80000, 0x0000000800000000)
  eden space 33280K, 90% used [0x00000007d5500000,0x00000007d7285908,0x00000007d7580000)
  from space 5120K, 99% used [0x00000007d7600000,0x00000007d7afb020,0x00000007d7b00000)
  to   space 10752K, 0% used [0x00000007d8000000,0x00000007d8000000,0x00000007d8a80000)
 ParOldGen       total 87040K, used 8367K [0x0000000780000000, 0x0000000785500000, 0x00000007d5500000)
  object space 87040K, 9% used [0x0000000780000000,0x000000078082bcf8,0x0000000785500000)
 PSPermGen       total 21504K, used 19784K [0x000000077ae00000, 0x000000077c300000, 0x0000000780000000)
  object space 21504K, 92% used [0x000000077ae00000,0x000000077c152230,0x000000077c300000)
Event: 98847.565 GC heap after
Heap after GC invocations=6 (full 0):
 PSYoungGen      total 43008K, used 9209K [0x00000007d5500000, 0x00000007d8c00000, 0x0000000800000000)
  eden space 32256K, 0% used [0x00000007d5500000,0x00000007d5500000,0x00000007d7480000)
  from space 10752K, 85% used [0x00000007d8000000,0x00000007d88fe450,0x00000007d8a80000)
  to   space 11776K, 0% used [0x00000007d7480000,0x00000007d7480000,0x00000007d8000000)
 ParOldGen       total 87040K, used 12275K [0x0000000780000000, 0x0000000785500000, 0x00000007d5500000)
  object space 87040K, 14% used [0x0000000780000000,0x0000000780bfcd08,0x0000000785500000)
 PSPermGen       total 21504K, used 19784K [0x000000077ae00000, 0x000000077c300000, 0x0000000780000000)
  object space 21504K, 92% used [0x000000077ae00000,0x000000077c152230,0x000000077c300000)
}

